<?xml version="1.0" encoding="UTF-8"?>
<testng-results ignored="0" total="5" passed="3" failed="2" skipped="0">
  <reporter-output>
  </reporter-output>
  <suite started-at="2021-06-17T18:56:07 IST" name="Suite" finished-at="2021-06-17T18:57:11 IST" duration-ms="63711">
    <groups>
      <group name="reg">
        <method signature="SauceTest.loginLogoutSaucePortal(java.util.Map)[pri:0, instance:com.learn.tests.SauceTest@40cb8df7]" name="loginLogoutSaucePortal" class="com.learn.tests.SauceTest"/>
        <method signature="SauceTest.test5()[pri:0, instance:com.learn.tests.SauceTest@40cb8df7]" name="test5" class="com.learn.tests.SauceTest"/>
      </group> <!-- reg -->
      <group name="smoke">
        <method signature="SauceTest.test3(java.util.Map)[pri:0, instance:com.learn.tests.SauceTest@40cb8df7]" name="test3" class="com.learn.tests.SauceTest"/>
        <method signature="SauceTest.test4()[pri:0, instance:com.learn.tests.SauceTest@40cb8df7]" name="test4" class="com.learn.tests.SauceTest"/>
      </group> <!-- smoke -->
      <group name="sanity">
        <method signature="SauceTest.loginLogoutSaucePortal(java.util.Map)[pri:0, instance:com.learn.tests.SauceTest@40cb8df7]" name="loginLogoutSaucePortal" class="com.learn.tests.SauceTest"/>
      </group> <!-- sanity -->
    </groups>
    <test started-at="2021-06-17T18:56:07 IST" name="Test" finished-at="2021-06-17T18:57:11 IST" duration-ms="63711">
      <class name="com.learn.tests.SauceTest">
        <test-method is-config="true" signature="setUp()[pri:0, instance:com.learn.tests.SauceTest@40cb8df7]" started-at="2021-06-17T18:56:08 IST" name="setUp" finished-at="2021-06-17T18:56:25 IST" duration-ms="16821" status="PASS">
          <reporter-output>
          </reporter-output>
        </test-method> <!-- setUp -->
        <test-method signature="loginLogoutSaucePortal(java.util.Map)[pri:0, instance:com.learn.tests.SauceTest@40cb8df7]" started-at="2021-06-17T18:56:25 IST" name="loginLogoutSaucePortal" data-provider="getData" finished-at="2021-06-17T18:56:27 IST" duration-ms="2184" status="PASS">
          <params>
            <param index="0">
              <value>
                <![CDATA[{password=secret_sauce, testname=loginLogoutSaucePortal, execute=yes, username=standard_user}]]>
              </value>
            </param>
          </params>
          <reporter-output>
          </reporter-output>
        </test-method> <!-- loginLogoutSaucePortal -->
        <test-method is-config="true" signature="tearDown()[pri:0, instance:com.learn.tests.SauceTest@40cb8df7]" started-at="2021-06-17T18:56:27 IST" name="tearDown" finished-at="2021-06-17T18:56:30 IST" duration-ms="2463" status="PASS">
          <reporter-output>
          </reporter-output>
        </test-method> <!-- tearDown -->
        <test-method is-config="true" signature="setUp()[pri:0, instance:com.learn.tests.SauceTest@40cb8df7]" started-at="2021-06-17T18:56:30 IST" name="setUp" finished-at="2021-06-17T18:56:37 IST" duration-ms="7348" status="PASS">
          <reporter-output>
          </reporter-output>
        </test-method> <!-- setUp -->
        <test-method signature="loginLogoutSaucePortal(java.util.Map)[pri:0, instance:com.learn.tests.SauceTest@40cb8df7]" started-at="2021-06-17T18:56:37 IST" name="loginLogoutSaucePortal" data-provider="getData" finished-at="2021-06-17T18:56:38 IST" duration-ms="1165" status="FAIL">
          <params>
            <param index="0">
              <value>
                <![CDATA[{password=aaaaaaa, testname=loginLogoutSaucePortal, execute=yes, username=problem_user}]]>
              </value>
            </param>
          </params>
          <exception class="org.openqa.selenium.NoSuchElementException">
            <message>
              <![CDATA[Unable to locate element: //*[@id='shopping_cart_container']/a
For documentation on this error, please visit: https://www.seleniumhq.org/exceptions/no_such_element.html
Build info: version: '3.141.59', revision: 'e82be7d358', time: '2018-11-14T08:17:03'
System info: host: 'INBL01LAP04326', ip: '192.168.225.118', os.name: 'Windows 10', os.arch: 'amd64', os.version: '10.0', java.version: '15.0.2'
Driver info: org.openqa.selenium.firefox.FirefoxDriver
Capabilities {acceptInsecureCerts: true, browserName: firefox, browserVersion: 88.0.1, javascriptEnabled: true, moz:accessibilityChecks: false, moz:buildID: 20210504152106, moz:geckodriverVersion: 0.29.0, moz:headless: false, moz:processID: 17036, moz:profile: C:\Users\dileep.kumar\AppDa..., moz:shutdownTimeout: 60000, moz:useNonSpecCompliantPointerOrigin: false, moz:webdriverClick: true, pageLoadStrategy: normal, platform: WINDOWS, platformName: WINDOWS, platformVersion: 10.0, rotatable: false, setWindowRect: true, strictFileInteractability: false, timeouts: {implicit: 0, pageLoad: 300000, script: 30000}, unhandledPromptBehavior: dismiss and notify}
Session ID: 9f15cfb6-37b0-4460-a607-3245efef9b3c
*** Element info: {Using=xpath, value=//*[@id='shopping_cart_container']/a}]]>
            </message>
            <full-stacktrace>
              <![CDATA[org.openqa.selenium.NoSuchElementException: Unable to locate element: //*[@id='shopping_cart_container']/a
For documentation on this error, please visit: https://www.seleniumhq.org/exceptions/no_such_element.html
Build info: version: '3.141.59', revision: 'e82be7d358', time: '2018-11-14T08:17:03'
System info: host: 'INBL01LAP04326', ip: '192.168.225.118', os.name: 'Windows 10', os.arch: 'amd64', os.version: '10.0', java.version: '15.0.2'
Driver info: org.openqa.selenium.firefox.FirefoxDriver
Capabilities {acceptInsecureCerts: true, browserName: firefox, browserVersion: 88.0.1, javascriptEnabled: true, moz:accessibilityChecks: false, moz:buildID: 20210504152106, moz:geckodriverVersion: 0.29.0, moz:headless: false, moz:processID: 17036, moz:profile: C:\Users\dileep.kumar\AppDa..., moz:shutdownTimeout: 60000, moz:useNonSpecCompliantPointerOrigin: false, moz:webdriverClick: true, pageLoadStrategy: normal, platform: WINDOWS, platformName: WINDOWS, platformVersion: 10.0, rotatable: false, setWindowRect: true, strictFileInteractability: false, timeouts: {implicit: 0, pageLoad: 300000, script: 30000}, unhandledPromptBehavior: dismiss and notify}
Session ID: 9f15cfb6-37b0-4460-a607-3245efef9b3c
*** Element info: {Using=xpath, value=//*[@id='shopping_cart_container']/a}
at java.base/jdk.internal.reflect.NativeConstructorAccessorImpl.newInstance0(Native Method)
at java.base/jdk.internal.reflect.NativeConstructorAccessorImpl.newInstance(NativeConstructorAccessorImpl.java:64)
at java.base/jdk.internal.reflect.DelegatingConstructorAccessorImpl.newInstance(DelegatingConstructorAccessorImpl.java:45)
at java.base/java.lang.reflect.Constructor.newInstanceWithCaller(Constructor.java:500)
at java.base/java.lang.reflect.Constructor.newInstance(Constructor.java:481)
at org.openqa.selenium.remote.http.W3CHttpResponseCodec.createException(W3CHttpResponseCodec.java:187)
at org.openqa.selenium.remote.http.W3CHttpResponseCodec.decode(W3CHttpResponseCodec.java:122)
at org.openqa.selenium.remote.http.W3CHttpResponseCodec.decode(W3CHttpResponseCodec.java:49)
at org.openqa.selenium.remote.HttpCommandExecutor.execute(HttpCommandExecutor.java:158)
at org.openqa.selenium.remote.service.DriverCommandExecutor.execute(DriverCommandExecutor.java:83)
at org.openqa.selenium.remote.RemoteWebDriver.execute(RemoteWebDriver.java:552)
at org.openqa.selenium.remote.RemoteWebDriver.findElement(RemoteWebDriver.java:323)
at org.openqa.selenium.remote.RemoteWebDriver.findElementByXPath(RemoteWebDriver.java:428)
at org.openqa.selenium.By$ByXPath.findElement(By.java:353)
at org.openqa.selenium.remote.RemoteWebDriver.findElement(RemoteWebDriver.java:315)
at com.learn.pages.SauceHomePage.getcart(SauceHomePage.java:14)
at com.learn.tests.SauceTest.loginLogoutSaucePortal(SauceTest.java:24)
at java.base/jdk.internal.reflect.NativeMethodAccessorImpl.invoke0(Native Method)
at java.base/jdk.internal.reflect.NativeMethodAccessorImpl.invoke(NativeMethodAccessorImpl.java:64)
at java.base/jdk.internal.reflect.DelegatingMethodAccessorImpl.invoke(DelegatingMethodAccessorImpl.java:43)
at java.base/java.lang.reflect.Method.invoke(Method.java:564)
at org.testng.internal.MethodInvocationHelper.invokeMethod(MethodInvocationHelper.java:132)
at org.testng.internal.TestInvoker.invokeMethod(TestInvoker.java:599)
at org.testng.internal.TestInvoker.invokeTestMethod(TestInvoker.java:174)
at org.testng.internal.MethodRunner.runInSequence(MethodRunner.java:46)
at org.testng.internal.TestInvoker$MethodInvocationAgent.invoke(TestInvoker.java:822)
at org.testng.internal.TestInvoker.invokeTestMethods(TestInvoker.java:147)
at org.testng.internal.TestMethodWorker.invokeTestMethods(TestMethodWorker.java:146)
at org.testng.internal.TestMethodWorker.run(TestMethodWorker.java:128)
at java.base/java.util.concurrent.ThreadPoolExecutor.runWorker(ThreadPoolExecutor.java:1130)
at java.base/java.util.concurrent.ThreadPoolExecutor$Worker.run(ThreadPoolExecutor.java:630)
at java.base/java.lang.Thread.run(Thread.java:832)
]]>
            </full-stacktrace>
          </exception> <!-- org.openqa.selenium.NoSuchElementException -->
          <reporter-output>
          </reporter-output>
        </test-method> <!-- loginLogoutSaucePortal -->
        <test-method is-config="true" signature="tearDown()[pri:0, instance:com.learn.tests.SauceTest@40cb8df7]" started-at="2021-06-17T18:56:38 IST" name="tearDown" finished-at="2021-06-17T18:56:41 IST" duration-ms="2652" status="PASS">
          <reporter-output>
          </reporter-output>
        </test-method> <!-- tearDown -->
        <test-method is-config="true" signature="setUp()[pri:0, instance:com.learn.tests.SauceTest@40cb8df7]" started-at="2021-06-17T18:56:41 IST" name="setUp" finished-at="2021-06-17T18:56:48 IST" duration-ms="7146" status="PASS">
          <reporter-output>
          </reporter-output>
        </test-method> <!-- setUp -->
        <test-method signature="test3(java.util.Map)[pri:0, instance:com.learn.tests.SauceTest@40cb8df7]" started-at="2021-06-17T18:56:48 IST" name="test3" data-provider="getData" finished-at="2021-06-17T18:56:49 IST" duration-ms="1302" status="PASS">
          <params>
            <param index="0">
              <value>
                <![CDATA[{password=secret_sauce, testname=test3, execute=yes, username=standard_user}]]>
              </value>
            </param>
          </params>
          <reporter-output>
          </reporter-output>
        </test-method> <!-- test3 -->
        <test-method is-config="true" signature="tearDown()[pri:0, instance:com.learn.tests.SauceTest@40cb8df7]" started-at="2021-06-17T18:56:49 IST" name="tearDown" finished-at="2021-06-17T18:56:52 IST" duration-ms="2560" status="PASS">
          <reporter-output>
          </reporter-output>
        </test-method> <!-- tearDown -->
        <test-method is-config="true" signature="setUp()[pri:0, instance:com.learn.tests.SauceTest@40cb8df7]" started-at="2021-06-17T18:56:52 IST" name="setUp" finished-at="2021-06-17T18:56:59 IST" duration-ms="7446" status="PASS">
          <reporter-output>
          </reporter-output>
        </test-method> <!-- setUp -->
        <test-method signature="test4()[pri:0, instance:com.learn.tests.SauceTest@40cb8df7]" started-at="2021-06-17T18:56:59 IST" name="test4" finished-at="2021-06-17T18:56:59 IST" duration-ms="2" status="PASS">
          <reporter-output>
          </reporter-output>
        </test-method> <!-- test4 -->
        <test-method is-config="true" signature="tearDown()[pri:0, instance:com.learn.tests.SauceTest@40cb8df7]" started-at="2021-06-17T18:56:59 IST" name="tearDown" finished-at="2021-06-17T18:57:01 IST" duration-ms="2030" status="PASS">
          <reporter-output>
          </reporter-output>
        </test-method> <!-- tearDown -->
        <test-method is-config="true" signature="setUp()[pri:0, instance:com.learn.tests.SauceTest@40cb8df7]" started-at="2021-06-17T18:57:01 IST" name="setUp" finished-at="2021-06-17T18:57:09 IST" duration-ms="7537" status="PASS">
          <reporter-output>
          </reporter-output>
        </test-method> <!-- setUp -->
        <test-method signature="test5()[pri:0, instance:com.learn.tests.SauceTest@40cb8df7]" started-at="2021-06-17T18:57:09 IST" name="test5" finished-at="2021-06-17T18:57:09 IST" duration-ms="5" status="FAIL">
          <exception class="java.lang.AssertionError">
            <message>
              <![CDATA[expected [true] but found [false]]]>
            </message>
            <full-stacktrace>
              <![CDATA[java.lang.AssertionError: expected [true] but found [false]
at org.testng.Assert.fail(Assert.java:99)
at org.testng.Assert.failNotEquals(Assert.java:1037)
at org.testng.Assert.assertTrue(Assert.java:45)
at org.testng.Assert.assertTrue(Assert.java:55)
at com.learn.tests.SauceTest.test5(SauceTest.java:61)
at java.base/jdk.internal.reflect.NativeMethodAccessorImpl.invoke0(Native Method)
at java.base/jdk.internal.reflect.NativeMethodAccessorImpl.invoke(NativeMethodAccessorImpl.java:64)
at java.base/jdk.internal.reflect.DelegatingMethodAccessorImpl.invoke(DelegatingMethodAccessorImpl.java:43)
at java.base/java.lang.reflect.Method.invoke(Method.java:564)
at org.testng.internal.MethodInvocationHelper.invokeMethod(MethodInvocationHelper.java:132)
at org.testng.internal.TestInvoker.invokeMethod(TestInvoker.java:599)
at org.testng.internal.TestInvoker.invokeTestMethod(TestInvoker.java:174)
at org.testng.internal.MethodRunner.runInSequence(MethodRunner.java:46)
at org.testng.internal.TestInvoker$MethodInvocationAgent.invoke(TestInvoker.java:822)
at org.testng.internal.TestInvoker.invokeTestMethods(TestInvoker.java:147)
at org.testng.internal.TestMethodWorker.invokeTestMethods(TestMethodWorker.java:146)
at org.testng.internal.TestMethodWorker.run(TestMethodWorker.java:128)
at java.base/java.util.concurrent.ThreadPoolExecutor.runWorker(ThreadPoolExecutor.java:1130)
at java.base/java.util.concurrent.ThreadPoolExecutor$Worker.run(ThreadPoolExecutor.java:630)
at java.base/java.lang.Thread.run(Thread.java:832)
]]>
            </full-stacktrace>
          </exception> <!-- java.lang.AssertionError -->
          <reporter-output>
          </reporter-output>
        </test-method> <!-- test5 -->
        <test-method is-config="true" signature="tearDown()[pri:0, instance:com.learn.tests.SauceTest@40cb8df7]" started-at="2021-06-17T18:57:09 IST" name="tearDown" finished-at="2021-06-17T18:57:11 IST" duration-ms="2089" status="PASS">
          <reporter-output>
          </reporter-output>
        </test-method> <!-- tearDown -->
      </class> <!-- com.learn.tests.SauceTest -->
    </test> <!-- Test -->
  </suite> <!-- Suite -->
</testng-results>
